#
# A fatal error has been detected by the Java Runtime Environment:
#
#  SIGSEGV (0xb) at pc=0x00007f9ca4c4e3fa, pid=30555, tid=140309715019520
#
# JRE version: OpenJDK Runtime Environment (8.0_91-b14) (build 1.8.0_91-8u91-b14-3ubuntu1~16.04.1-b14)
# Java VM: OpenJDK 64-Bit Server VM (25.91-b14 mixed mode linux-amd64 compressed oops)
# Problematic frame:
# v  ~BufferBlob::jni_fast_GetLongField
#
# Failed to write core dump. Core dumps have been disabled. To enable core dumping, try "ulimit -c unlimited" before starting Java again
#
# If you would like to submit a bug report, please visit:
#   http://bugreport.java.com/bugreport/crash.jsp
# The crash happened outside the Java Virtual Machine in native code.
# See problematic frame for where to report the bug.
#

---------------  T H R E A D  ---------------

Current thread (0x00007f9cb427a800):  JavaThread "AWT-XAWT" daemon [_thread_in_native, id=30576, stack(0x00007f9c66a8e000,0x00007f9c66b8f000)]

siginfo: si_signo: 11 (SIGSEGV), si_code: 1 (SEGV_MAPERR), si_addr: 0x0000000000000000

Registers:
RAX=0x00007f9cba408e80, RBX=0x00007f9cb427a9e0, RCX=0x0000000000000000, RDX=0x0000000000000042
RSP=0x00007f9c66b8d838, RBP=0x00007f9c66b8d860, RSI=0x0000000000000000, RDI=0x00007f9cb427a9e0
R8 =0x00000000d706e5e8, R9 =0x0000000000000000, R10=0x000000000000003e, R11=0x00007f9ca4f54698
R12=0x00007f9c50011ba0, R13=0x0000000000000000, R14=0x00007f9c90c54b00, R15=0x00007f9cb427a800
RIP=0x00007f9ca4c4e3fa, EFLAGS=0x0000000000010246, CSGSFS=0x0000000000000033, ERR=0x0000000000000004
  TRAPNO=0x000000000000000e

Top of Stack: (sp=0x00007f9c66b8d838)
0x00007f9c66b8d838:   00007f9c90a31f34 00007f9c93851bb8
0x00007f9c66b8d848:   00007f9c50011ba0 00007f9c66b8d910
0x00007f9c66b8d858:   00007f9c66b8d8e0 0000000000000000
0x00007f9c66b8d868:   00007f9c904f53c0 00007f9c93851bb8
0x00007f9c66b8d878:   00007f9c66b8d8a0 0000000000000000
0x00007f9c66b8d888:   00007f9c904ecf93 00007f9c66b8d910
0x00007f9c66b8d898:   00007f9c90a29caf 00007f9c66b8d8f0
0x00007f9c66b8d8a8:   00007f9ca4f54736 0000000000000000
0x00007f9c66b8d8b8:   00007f9ca4dd15f6 00007f9c66b8d910
0x00007f9c66b8d8c8:   00007f9ca4d4ee2c 00007f9c66b8d970
0x00007f9c66b8d8d8:   00000000d72dbb08 00000000d7298db0
0x00007f9c66b8d8e8:   0000000000000001 00007f9c66b8d970
0x00007f9c66b8d8f8:   00007f9ca4bec7d0 00007f9c66b8d970
0x00007f9c66b8d908:   00007f9ca4bec7d0 0000000000000000
0x00007f9c66b8d918:   00007f9ca4becb10 00007f9c58002e40
0x00007f9c66b8d928:   00000000d7319b88 00007f9c66b8d930
0x00007f9c66b8d938:   00007f9c9394dd64 00007f9c66b8d9b8
0x00007f9c66b8d948:   00007f9c939574b8 0000000000000000
0x00007f9c66b8d958:   00007f9c9394dea0 00007f9c66b8d910
0x00007f9c66b8d968:   00007f9c66b8d9b0 00007f9c66b8da00
0x00007f9c66b8d978:   00007f9ca4becffd 0000000000000000
0x00007f9c66b8d988:   00000000d7440b70 0000000000000000
0x00007f9c66b8d998:   0000000000000000 0000000000000000
0x00007f9c66b8d9a8:   00000000d7319b88 0000000000000000
0x00007f9c66b8d9b8:   00000000d72dc6a8 00007f9c66b8d9c0
0x00007f9c66b8d9c8:   00007f9c9394dba5 00007f9c66b8da10
0x00007f9c66b8d9d8:   00007f9c939574b8 0000000000000000
0x00007f9c66b8d9e8:   00007f9c9394dbb0 00007f9c66b8d9b0
0x00007f9c66b8d9f8:   00007f9c66b8da10 00007f9c66b8da58
0x00007f9c66b8da08:   00007f9ca4bed042 00000000d72dc6a8
0x00007f9c66b8da18:   00007f9c66b8da18 00007f9c9345598b
0x00007f9c66b8da28:   00007f9c66b8da68 00007f9c934dce48 

Instructions: (pc=0x00007f9ca4c4e3fa)
0x00007f9ca4c4e3da:   00 00 00 00 00 00 44 8b 15 ed 74 7e 15 4c 8b ce
0x00007f9ca4c4e3ea:   41 f6 c2 01 0f 85 2e 00 00 00 4d 33 ca 4d 33 ca
0x00007f9ca4c4e3fa:   4d 8b 09 4c 8b da 49 c1 eb 02 4b 8b 04 19 49 bb
0x00007f9ca4c4e40a:   d4 58 43 ba 9c 7f 00 00 4c 33 d8 4c 33 d8 45 3b 

Register to memory mapping:

RAX=0x00007f9cba408e80: <offset 0xee8e80> in /usr/lib/jvm/java-8-openjdk-amd64/jre/lib/amd64/server/libjvm.so at 0x00007f9cb9520000
RBX=0x00007f9cb427a9e0 is an unknown value
RCX=0x0000000000000000 is an unknown value
RDX=0x0000000000000042 is an unknown value
RSP=0x00007f9c66b8d838 is pointing into the stack for thread: 0x00007f9cb427a800
RBP=0x00007f9c66b8d860 is pointing into the stack for thread: 0x00007f9cb427a800
RSI=0x0000000000000000 is an unknown value
RDI=0x00007f9cb427a9e0 is an unknown value
R8 =0x00000000d706e5e8 is an oop
sun.util.logging.PlatformLogger$Level 
 - klass: 'sun/util/logging/PlatformLogger$Level'
R9 =0x0000000000000000 is an unknown value
R10=0x000000000000003e is an unknown value
R11=0x00007f9ca4f54698 is at entry_point+24 in (nmethod*)0x00007f9ca4f54510
R12=0x00007f9c50011ba0 is an unknown value
R13=0x0000000000000000 is an unknown value
R14=0x00007f9c90c54b00: <offset 0x258b00> in /usr/lib/jvm/java-8-openjdk-amd64/jre/lib/amd64/libawt_xawt.so at 0x00007f9c909fc000
R15=0x00007f9cb427a800 is a thread


Stack: [0x00007f9c66a8e000,0x00007f9c66b8f000],  sp=0x00007f9c66b8d838,  free space=1022k
Native frames: (J=compiled Java code, j=interpreted, Vv=VM code, C=native code)
v  ~BufferBlob::jni_fast_GetLongField
C  [libX11.so.6+0x643c0]  _XimServerDestroy+0x70

Java frames: (J=compiled Java code, j=interpreted, Vv=VM code)
J 1034  sun.awt.X11.XlibWrapper.XFilterEvent(JJ)Z (0 bytes) @ 0x00007f9ca4f546c4 [0x00007f9ca4f54680+0x44]
j  sun.awt.X11.XToolkit.run(Z)V+300
j  sun.awt.X11.XToolkit.run()V+5
j  java.lang.Thread.run()V+11
v  ~StubRoutines::call_stub

---------------  P R O C E S S  ---------------

Java Threads: ( => current thread )
  0x00007f9c48001000 JavaThread "XToolkt-Shutdown-Thread" [_thread_blocked, id=943, stack(0x00007f9c6565b000,0x00007f9c6575c000)]
  0x00007f9c78004800 JavaThread "SIGTERM handler" daemon [_thread_blocked, id=941, stack(0x00007f9c6575c000,0x00007f9c6585d000)]
  0x00007f9c78002800 JavaThread "SIGTERM handler" daemon [_thread_blocked, id=940, stack(0x00007f9c6585d000,0x00007f9c6595e000)]
  0x00007f9c78001000 JavaThread "SIGHUP handler" daemon [_thread_blocked, id=919, stack(0x00007f9c6595e000,0x00007f9c65a5f000)]
  0x00007f9c5001e000 JavaThread "TimerQueue" daemon [_thread_blocked, id=30580, stack(0x00007f9c65e5f000,0x00007f9c65f60000)]
  0x00007f9cb400a000 JavaThread "DestroyJavaVM" [_thread_blocked, id=30557, stack(0x00007f9cbb162000,0x00007f9cbb263000)]
  0x00007f9cb42c4000 JavaThread "AWT-EventQueue-0" [_thread_in_native, id=30578, stack(0x00007f9c6688c000,0x00007f9c6698d000)]
  0x00007f9cb42c2800 JavaThread "AWT-Shutdown" [_thread_blocked, id=30577, stack(0x00007f9c6698d000,0x00007f9c66a8e000)]
=>0x00007f9cb427a800 JavaThread "AWT-XAWT" daemon [_thread_in_native, id=30576, stack(0x00007f9c66a8e000,0x00007f9c66b8f000)]
  0x00007f9cb4256000 JavaThread "Java2D Disposer" daemon [_thread_blocked, id=30575, stack(0x00007f9c66f9f000,0x00007f9c670a0000)]
  0x00007f9cb40c9800 JavaThread "Service Thread" daemon [_thread_blocked, id=30573, stack(0x00007f9c9105e000,0x00007f9c9115f000)]
  0x00007f9cb40b2000 JavaThread "C1 CompilerThread2" daemon [_thread_blocked, id=30572, stack(0x00007f9c9115f000,0x00007f9c91260000)]
  0x00007f9cb40b0000 JavaThread "C2 CompilerThread1" daemon [_thread_blocked, id=30571, stack(0x00007f9c91260000,0x00007f9c91361000)]
  0x00007f9cb40ad000 JavaThread "C2 CompilerThread0" daemon [_thread_blocked, id=30570, stack(0x00007f9c91361000,0x00007f9c91462000)]
  0x00007f9cb40ab000 JavaThread "Signal Dispatcher" daemon [_thread_blocked, id=30569, stack(0x00007f9c91462000,0x00007f9c91563000)]
  0x00007f9cb4083800 JavaThread "Finalizer" daemon [_thread_blocked, id=30568, stack(0x00007f9c91f22000,0x00007f9c92023000)]
  0x00007f9cb407f000 JavaThread "Reference Handler" daemon [_thread_blocked, id=30566, stack(0x00007f9c92023000,0x00007f9c92124000)]

Other Threads:
  0x00007f9cb4077000 VMThread [stack: 0x00007f9c92124000,0x00007f9c92225000] [id=30563]
  0x00007f9cb40cc000 WatcherThread [stack: 0x00007f9c90f5d000,0x00007f9c9105e000] [id=30574]

VM state:not at safepoint (normal execution)

VM Mutex/Monitor currently owned by a thread: None

Heap:
 PSYoungGen      total 36864K, used 17218K [0x00000000d7000000, 0x00000000d9900000, 0x0000000100000000)
  eden space 31744K, 54% used [0x00000000d7000000,0x00000000d80d0b38,0x00000000d8f00000)
  from space 5120K, 0% used [0x00000000d9400000,0x00000000d9400000,0x00000000d9900000)
  to   space 5120K, 0% used [0x00000000d8f00000,0x00000000d8f00000,0x00000000d9400000)
 ParOldGen       total 84992K, used 0K [0x0000000085000000, 0x000000008a300000, 0x00000000d7000000)
  object space 84992K, 0% used [0x0000000085000000,0x0000000085000000,0x000000008a300000)
 Metaspace       used 15027K, capacity 15280K, committed 15360K, reserved 1062912K
  class space    used 1671K, capacity 1771K, committed 1792K, reserved 1048576K

Card table byte_map: [0x00007f9ca444c000,0x00007f9ca4825000] byte_map_base: 0x00007f9ca4024000

Marking Bits: (ParMarkBitMap*) 0x00007f9cba434fc0
 Begin Bits: [0x00007f9ca0038000, 0x00007f9ca1ef8000)
 End Bits:   [0x00007f9ca1ef8000, 0x00007f9ca3db8000)

Polling page: 0x00007f9cbb286000

CodeCache: size=245760Kb used=4125Kb max_used=4140Kb free=241634Kb
 bounds [0x00007f9ca4be5000, 0x00007f9ca4ff5000, 0x00007f9cb3be5000]
 total_blobs=1784 nmethods=1225 adapters=474
 compilation: enabled

Compilation events (10 events):
Event: 2769.438 Thread 0x00007f9cb40b0000 1221       4       java.util.concurrent.locks.AbstractQueuedSynchronizer$ConditionObject::doSignal (43 bytes)
Event: 2769.446 Thread 0x00007f9cb40b0000 nmethod 1221 0x00007f9ca4fec010 code [0x00007f9ca4fec180, 0x00007f9ca4fec398]
Event: 2790.444 Thread 0x00007f9cb40ad000 1222       4       java.util.concurrent.locks.ReentrantLock::newCondition (8 bytes)
Event: 2790.446 Thread 0x00007f9cb40ad000 nmethod 1222 0x00007f9ca4febd10 code [0x00007f9ca4febe60, 0x00007f9ca4febf38]
Event: 2791.445 Thread 0x00007f9cb40b0000 1223       4       java.util.PriorityQueue::poll (64 bytes)
Event: 2791.448 Thread 0x00007f9cb40b0000 nmethod 1223 0x00007f9ca4feb990 code [0x00007f9ca4febae0, 0x00007f9ca4febbf8]
Event: 2791.945 Thread 0x00007f9cb40ad000 1224       4       javax.swing.Timer::post (36 bytes)
Event: 2791.947 Thread 0x00007f9cb40ad000 nmethod 1224 0x00007f9ca4feb6d0 code [0x00007f9ca4feb820, 0x00007f9ca4feb8d8]
Event: 2832.959 Thread 0x00007f9cb40b0000 1225   !   4       javax.swing.TimerQueue::addTimer (82 bytes)
Event: 2832.996 Thread 0x00007f9cb40b0000 nmethod 1225 0x00007f9ca4ff1c10 code [0x00007f9ca4ff1e60, 0x00007f9ca4ff2a50]

GC Heap History (0 events):
No events

Deoptimization events (4 events):
Event: 7.928 Thread 0x00007f9cb42c4000 Uncommon trap: reason=class_check action=maybe_recompile pc=0x00007f9ca4d27b30 method=java.lang.String.equals(Ljava/lang/Object;)Z @ 8
Event: 7.928 Thread 0x00007f9cb42c4000 Uncommon trap: reason=class_check action=maybe_recompile pc=0x00007f9ca4d27b30 method=java.lang.String.equals(Ljava/lang/Object;)Z @ 8
Event: 8.798 Thread 0x00007f9cb42c4000 Uncommon trap: reason=class_check action=maybe_recompile pc=0x00007f9ca4d27b30 method=java.lang.String.equals(Ljava/lang/Object;)Z @ 8
Event: 8.798 Thread 0x00007f9cb42c4000 Uncommon trap: reason=class_check action=maybe_recompile pc=0x00007f9ca4d27b30 method=java.lang.String.equals(Ljava/lang/Object;)Z @ 8

Internal exceptions (10 events):
Event: 0.102 Thread 0x00007f9cb400a000 Exception <a 'java/security/PrivilegedActionException'> (0x00000000d7086c38) thrown at [/build/openjdk-8-W1Ghxo/openjdk-8-8u91-b14/src/hotspot/src/share/vm/prims/jvm.cpp, line 1386]
Event: 0.102 Thread 0x00007f9cb400a000 Exception <a 'java/security/PrivilegedActionException'> (0x00000000d7086e48) thrown at [/build/openjdk-8-W1Ghxo/openjdk-8-8u91-b14/src/hotspot/src/share/vm/prims/jvm.cpp, line 1386]
Event: 0.160 Thread 0x00007f9cb400a000 Exception <a 'java/lang/NoSuchFieldError': method resolution failed> (0x00000000d71f98c8) thrown at [/build/openjdk-8-W1Ghxo/openjdk-8-8u91-b14/src/hotspot/src/share/vm/prims/methodHandles.cpp, line 1146]
Event: 0.163 Thread 0x00007f9cb400a000 Exception <a 'java/lang/NoSuchFieldError': method resolution failed> (0x00000000d72070c8) thrown at [/build/openjdk-8-W1Ghxo/openjdk-8-8u91-b14/src/hotspot/src/share/vm/prims/methodHandles.cpp, line 1146]
Event: 0.192 Thread 0x00007f9cb400a000 Exception <a 'java/io/FileNotFoundException'> (0x00000000d72863d8) thrown at [/build/openjdk-8-W1Ghxo/openjdk-8-8u91-b14/src/hotspot/src/share/vm/prims/jni.cpp, line 709]
Event: 0.192 Thread 0x00007f9cb400a000 Exception <a 'java/io/FileNotFoundException'> (0x00000000d7286de0) thrown at [/build/openjdk-8-W1Ghxo/openjdk-8-8u91-b14/src/hotspot/src/share/vm/prims/jni.cpp, line 709]
Event: 0.224 Thread 0x00007f9cb400a000 Exception <a 'java/lang/ClassNotFoundException': sun/dc/DuctusRenderingEngine> (0x00000000d729e978) thrown at [/build/openjdk-8-W1Ghxo/openjdk-8-8u91-b14/src/hotspot/src/share/vm/classfile/systemDictionary.cpp, line 210]
Event: 0.608 Thread 0x00007f9cb42c4000 Exception <a 'java/lang/UnsupportedOperationException': > (0x00000000d746d500) thrown at [/build/openjdk-8-W1Ghxo/openjdk-8-8u91-b14/src/hotspot/src/share/vm/prims/jni.cpp, line 735]
Event: 13.494 Thread 0x00007f9cb42c4000 Exception <a 'java/net/ConnectException'> (0x00000000d79da838) thrown at [/build/openjdk-8-W1Ghxo/openjdk-8-8u91-b14/src/hotspot/src/share/vm/prims/jni.cpp, line 709]
Event: 13.504 Thread 0x00007f9cb42c4000 Exception <a 'java/net/ConnectException'> (0x00000000d7a4def0) thrown at [/build/openjdk-8-W1Ghxo/openjdk-8-8u91-b14/src/hotspot/src/share/vm/prims/jni.cpp, line 709]

Events (10 events):
Event: 139.825 loading class oracle/jdbc/driver/T4CIntervaldsAccessor
Event: 139.825 loading class oracle/jdbc/driver/T4CIntervaldsAccessor done
Event: 139.826 loading class oracle/jdbc/driver/OracleSql
Event: 139.826 loading class oracle/jdbc/driver/OracleSql done
Event: 139.829 loading class oracle/jdbc/driver/OracleSqlReadOnly
Event: 139.829 loading class oracle/jdbc/driver/OracleSqlReadOnly done
Event: 883.375 loading class sun/awt/X11/XkbEvent
Event: 884.723 loading class sun/awt/X11/XkbEvent done
Event: 884.723 loading class sun/awt/X11/XkbAnyEvent
Event: 884.723 loading class sun/awt/X11/XkbAnyEvent done


Dynamic libraries:
00400000-00401000 r-xp 00000000 08:01 1990525                            /usr/lib/jvm/java-8-openjdk-amd64/jre/bin/java
00600000-00601000 r--p 00000000 08:01 1990525                            /usr/lib/jvm/java-8-openjdk-amd64/jre/bin/java
00601000-00602000 rw-p 00001000 08:01 1990525                            /usr/lib/jvm/java-8-openjdk-amd64/jre/bin/java
01589000-015aa000 rw-p 00000000 00:00 0                                  [heap]
85000000-8a300000 rw-p 00000000 00:00 0 
8a300000-d7000000 ---p 00000000 00:00 0 
d7000000-d9900000 rw-p 00000000 00:00 0 
d9900000-100000000 ---p 00000000 00:00 0 
100000000-1001c0000 rw-p 00000000 00:00 0 
1001c0000-140000000 ---p 00000000 00:00 0 
7f9c40000000-7f9c40021000 rw-p 00000000 00:00 0 
7f9c40021000-7f9c44000000 ---p 00000000 00:00 0 
7f9c44000000-7f9c44021000 rw-p 00000000 00:00 0 
7f9c44021000-7f9c48000000 ---p 00000000 00:00 0 
7f9c48000000-7f9c48021000 rw-p 00000000 00:00 0 
7f9c48021000-7f9c4c000000 ---p 00000000 00:00 0 
7f9c4c000000-7f9c4c021000 rw-p 00000000 00:00 0 
7f9c4c021000-7f9c50000000 ---p 00000000 00:00 0 
7f9c50000000-7f9c5038d000 rw-p 00000000 00:00 0 
7f9c5038d000-7f9c54000000 ---p 00000000 00:00 0 
7f9c54000000-7f9c54021000 rw-p 00000000 00:00 0 
7f9c54021000-7f9c58000000 ---p 00000000 00:00 0 
7f9c58000000-7f9c58021000 rw-p 00000000 00:00 0 
7f9c58021000-7f9c5c000000 ---p 00000000 00:00 0 
7f9c5c000000-7f9c5c021000 rw-p 00000000 00:00 0 
7f9c5c021000-7f9c60000000 ---p 00000000 00:00 0 
7f9c60000000-7f9c60021000 rw-p 00000000 00:00 0 
7f9c60021000-7f9c64000000 ---p 00000000 00:00 0 
7f9c6565b000-7f9c6565e000 ---p 00000000 00:00 0 
7f9c6565e000-7f9c6575c000 rw-p 00000000 00:00 0 
7f9c6575c000-7f9c6575f000 ---p 00000000 00:00 0 
7f9c6575f000-7f9c6585d000 rw-p 00000000 00:00 0 
7f9c6585d000-7f9c65860000 ---p 00000000 00:00 0 
7f9c65860000-7f9c6595e000 rw-p 00000000 00:00 0 
7f9c6595e000-7f9c65961000 ---p 00000000 00:00 0 
7f9c65961000-7f9c65b9f000 rw-p 00000000 00:00 0 
7f9c65b9f000-7f9c65c5f000 ---p 00000000 00:00 0 
7f9c65c5f000-7f9c65e5f000 rw-p 00000000 00:00 0 
7f9c65e5f000-7f9c65e62000 ---p 00000000 00:00 0 
7f9c65e62000-7f9c65f60000 rw-p 00000000 00:00 0 
7f9c65f60000-7f9c65f71000 r-xp 00000000 08:01 1990574                    /usr/lib/jvm/java-8-openjdk-amd64/jre/lib/amd64/libnio.so
7f9c65f71000-7f9c66171000 ---p 00011000 08:01 1990574                    /usr/lib/jvm/java-8-openjdk-amd64/jre/lib/amd64/libnio.so
7f9c66171000-7f9c66172000 r--p 00011000 08:01 1990574                    /usr/lib/jvm/java-8-openjdk-amd64/jre/lib/amd64/libnio.so
7f9c66172000-7f9c66173000 rw-p 00012000 08:01 1990574                    /usr/lib/jvm/java-8-openjdk-amd64/jre/lib/amd64/libnio.so
7f9c66173000-7f9c66474000 rw-p 00000000 00:00 0 
7f9c66474000-7f9c6648b000 r-xp 00000000 08:01 1990550                    /usr/lib/jvm/java-8-openjdk-amd64/jre/lib/amd64/libnet.so
7f9c6648b000-7f9c6668a000 ---p 00017000 08:01 1990550                    /usr/lib/jvm/java-8-openjdk-amd64/jre/lib/amd64/libnet.so
7f9c6668a000-7f9c6668b000 r--p 00016000 08:01 1990550                    /usr/lib/jvm/java-8-openjdk-amd64/jre/lib/amd64/libnet.so
7f9c6668b000-7f9c6668c000 rw-p 00017000 08:01 1990550                    /usr/lib/jvm/java-8-openjdk-amd64/jre/lib/amd64/libnet.so
7f9c6668c000-7f9c6688c000 rw-p 00000000 00:00 0 
7f9c6688c000-7f9c6688f000 ---p 00000000 00:00 0 
7f9c6688f000-7f9c6698d000 rw-p 00000000 00:00 0 
7f9c6698d000-7f9c66990000 ---p 00000000 00:00 0 
7f9c66990000-7f9c66a8e000 rw-p 00000000 00:00 0 
7f9c66a8e000-7f9c66a91000 ---p 00000000 00:00 0 
7f9c66a91000-7f9c66b8f000 rw-p 00000000 00:00 0 
7f9c66b8f000-7f9c66b94000 r-xp 00000000 08:01 663493                     /usr/lib/x86_64-linux-gnu/libXfixes.so.3.1.0
7f9c66b94000-7f9c66d93000 ---p 00005000 08:01 663493                     /usr/lib/x86_64-linux-gnu/libXfixes.so.3.1.0
7f9c66d93000-7f9c66d94000 r--p 00004000 08:01 663493                     /usr/lib/x86_64-linux-gnu/libXfixes.so.3.1.0
7f9c66d94000-7f9c66d95000 rw-p 00005000 08:01 663493                     /usr/lib/x86_64-linux-gnu/libXfixes.so.3.1.0
7f9c66d95000-7f9c66d9e000 r-xp 00000000 08:01 663485                     /usr/lib/x86_64-linux-gnu/libXcursor.so.1.0.2
7f9c66d9e000-7f9c66f9d000 ---p 00009000 08:01 663485                     /usr/lib/x86_64-linux-gnu/libXcursor.so.1.0.2
7f9c66f9d000-7f9c66f9e000 r--p 00008000 08:01 663485                     /usr/lib/x86_64-linux-gnu/libXcursor.so.1.0.2
7f9c66f9e000-7f9c66f9f000 rw-p 00009000 08:01 663485                     /usr/lib/x86_64-linux-gnu/libXcursor.so.1.0.2
7f9c66f9f000-7f9c66fa2000 ---p 00000000 00:00 0 
7f9c66fa2000-7f9c670a0000 rw-p 00000000 00:00 0 
7f9c670a0000-7f9c670c4000 r-xp 00000000 08:01 4461068                    /lib/x86_64-linux-gnu/libpng12.so.0.54.0
7f9c670c4000-7f9c672c3000 ---p 00024000 08:01 4461068                    /lib/x86_64-linux-gnu/libpng12.so.0.54.0
7f9c672c3000-7f9c672c4000 r--p 00023000 08:01 4461068                    /lib/x86_64-linux-gnu/libpng12.so.0.54.0
7f9c672c4000-7f9c672c5000 rw-p 00024000 08:01 4461068                    /lib/x86_64-linux-gnu/libpng12.so.0.54.0
7f9c672c5000-7f9c67369000 r-xp 00000000 08:01 663909                     /usr/lib/x86_64-linux-gnu/libfreetype.so.6.12.1
7f9c67369000-7f9c67568000 ---p 000a4000 08:01 663909                     /usr/lib/x86_64-linux-gnu/libfreetype.so.6.12.1
7f9c67568000-7f9c6756e000 r--p 000a3000 08:01 663909                     /usr/lib/x86_64-linux-gnu/libfreetype.so.6.12.1
7f9c6756e000-7f9c6756f000 rw-p 000a9000 08:01 663909                     /usr/lib/x86_64-linux-gnu/libfreetype.so.6.12.1
7f9c6756f000-7f9c675c1000 r-xp 00000000 08:01 1990548                    /usr/lib/jvm/java-8-openjdk-amd64/jre/lib/amd64/libfontmanager.so
7f9c675c1000-7f9c677c1000 ---p 00052000 08:01 1990548                    /usr/lib/jvm/java-8-openjdk-amd64/jre/lib/amd64/libfontmanager.so
7f9c677c1000-7f9c677c3000 r--p 00052000 08:01 1990548                    /usr/lib/jvm/java-8-openjdk-amd64/jre/lib/amd64/libfontmanager.so
7f9c677c3000-7f9c677c4000 rw-p 00054000 08:01 1990548                    /usr/lib/jvm/java-8-openjdk-amd64/jre/lib/amd64/libfontmanager.so
7f9c677c4000-7f9c677c9000 r-xp 00000000 08:01 663489                     /usr/lib/x86_64-linux-gnu/libXdmcp.so.6.0.0
7f9c677c9000-7f9c679c8000 ---p 00005000 08:01 663489                     /usr/lib/x86_64-linux-gnu/libXdmcp.so.6.0.0
7f9c679c8000-7f9c679c9000 r--p 00004000 08:01 663489                     /usr/lib/x86_64-linux-gnu/libXdmcp.so.6.0.0
7f9c679c9000-7f9c679ca000 rw-p 00005000 08:01 663489                     /usr/lib/x86_64-linux-gnu/libXdmcp.so.6.0.0
7f9c679ca000-7f9c679cc000 r-xp 00000000 08:01 663478                     /usr/lib/x86_64-linux-gnu/libXau.so.6.0.0
7f9c679cc000-7f9c67bcc000 ---p 00002000 08:01 663478                     /usr/lib/x86_64-linux-gnu/libXau.so.6.0.0
7f9c67bcc000-7f9c67bcd000 r--p 00002000 08:01 663478                     /usr/lib/x86_64-linux-gnu/libXau.so.6.0.0
7f9c67bcd000-7f9c67bce000 rw-p 00003000 08:01 663478                     /usr/lib/x86_64-linux-gnu/libXau.so.6.0.0
7f9c67bce000-7f9c67bef000 r-xp 00000000 08:01 664856                     /usr/lib/x86_64-linux-gnu/libxcb.so.1.1.0
7f9c67bef000-7f9c67dee000 ---p 00021000 08:01 664856                     /usr/lib/x86_64-linux-gnu/libxcb.so.1.1.0
7f9c67dee000-7f9c67def000 r--p 00020000 08:01 664856                     /usr/lib/x86_64-linux-gnu/libxcb.so.1.1.0
7f9c67def000-7f9c67df0000 rw-p 00021000 08:01 664856                     /usr/lib/x86_64-linux-gnu/libxcb.so.1.1.0
7f9c67df0000-7f9c67dff000 r-xp 00000000 08:01 663499                     /usr/lib/x86_64-linux-gnu/libXi.so.6.1.0
7f9c67dff000-7f9c67ffe000 ---p 0000f000 08:01 663499                     /usr/lib/x86_64-linux-gnu/libXi.so.6.1.0
7f9c67ffe000-7f9c67fff000 r--p 0000e000 08:01 663499                     /usr/lib/x86_64-linux-gnu/libXi.so.6.1.0
7f9c67fff000-7f9c68000000 rw-p 0000f000 08:01 663499                     /usr/lib/x86_64-linux-gnu/libXi.so.6.1.0
7f9c68000000-7f9c68021000 rw-p 00000000 00:00 0 
7f9c68021000-7f9c6c000000 ---p 00000000 00:00 0 
7f9c6c000000-7f9c6c021000 rw-p 00000000 00:00 0 
7f9c6c021000-7f9c70000000 ---p 00000000 00:00 0 
7f9c70000000-7f9c7025b000 rw-p 00000000 00:00 0 
7f9c7025b000-7f9c74000000 ---p 00000000 00:00 0 
7f9c74000000-7f9c746f3000 rw-p 00000000 00:00 0 
7f9c746f3000-7f9c78000000 ---p 00000000 00:00 0 
7f9c78000000-7f9c78021000 rw-p 00000000 00:00 0 
7f9c78021000-7f9c7c000000 ---p 00000000 00:00 0 
7f9c7c000000-7f9c7c270000 rw-p 00000000 00:00 0 
7f9c7c270000-7f9c80000000 ---p 00000000 00:00 0 
7f9c80000000-7f9c80021000 rw-p 00000000 00:00 0 
7f9c80021000-7f9c84000000 ---p 00000000 00:00 0 
7f9c84000000-7f9c84021000 rw-p 00000000 00:00 0 
7f9c84021000-7f9c88000000 ---p 00000000 00:00 0 
7f9c88000000-7f9c88021000 rw-p 00000000 00:00 0 
7f9c88021000-7f9c8c000000 ---p 00000000 00:00 0 
7f9c8c000000-7f9c8c021000 rw-p 00000000 00:00 0 
7f9c8c021000-7f9c90000000 ---p 00000000 00:00 0 
7f9c90081000-7f9c90086000 r-xp 00000000 08:01 663517                     /usr/lib/x86_64-linux-gnu/libXtst.so.6.1.0
7f9c90086000-7f9c90285000 ---p 00005000 08:01 663517                     /usr/lib/x86_64-linux-gnu/libXtst.so.6.1.0
7f9c90285000-7f9c90286000 r--p 00004000 08:01 663517                     /usr/lib/x86_64-linux-gnu/libXtst.so.6.1.0
7f9c90286000-7f9c90287000 rw-p 00005000 08:01 663517                     /usr/lib/x86_64-linux-gnu/libXtst.so.6.1.0
7f9c90287000-7f9c90290000 r-xp 00000000 08:01 663511                     /usr/lib/x86_64-linux-gnu/libXrender.so.1.3.0
7f9c90290000-7f9c9048f000 ---p 00009000 08:01 663511                     /usr/lib/x86_64-linux-gnu/libXrender.so.1.3.0
7f9c9048f000-7f9c90490000 r--p 00008000 08:01 663511                     /usr/lib/x86_64-linux-gnu/libXrender.so.1.3.0
7f9c90490000-7f9c90491000 rw-p 00009000 08:01 663511                     /usr/lib/x86_64-linux-gnu/libXrender.so.1.3.0
7f9c90491000-7f9c905c6000 r-xp 00000000 08:01 663474                     /usr/lib/x86_64-linux-gnu/libX11.so.6.3.0
7f9c905c6000-7f9c907c6000 ---p 00135000 08:01 663474                     /usr/lib/x86_64-linux-gnu/libX11.so.6.3.0
7f9c907c6000-7f9c907c7000 r--p 00135000 08:01 663474                     /usr/lib/x86_64-linux-gnu/libX11.so.6.3.0
7f9c907c7000-7f9c907cb000 rw-p 00136000 08:01 663474                     /usr/lib/x86_64-linux-gnu/libX11.so.6.3.0
7f9c907cb000-7f9c907dc000 r-xp 00000000 08:01 663491                     /usr/lib/x86_64-linux-gnu/libXext.so.6.4.0
7f9c907dc000-7f9c909db000 ---p 00011000 08:01 663491                     /usr/lib/x86_64-linux-gnu/libXext.so.6.4.0
7f9c909db000-7f9c909dc000 r--p 00010000 08:01 663491                     /usr/lib/x86_64-linux-gnu/libXext.so.6.4.0
7f9c909dc000-7f9c909dd000 rw-p 00011000 08:01 663491                     /usr/lib/x86_64-linux-gnu/libXext.so.6.4.0
7f9c909e9000-7f9c909fc000 r--s 00345000 08:01 1990577                    /usr/lib/jvm/java-8-openjdk-amd64/jre/lib/resources.jar
7f9c909fc000-7f9c90a50000 r-xp 00000000 08:01 1990573                    /usr/lib/jvm/java-8-openjdk-amd64/jre/lib/amd64/libawt_xawt.so
7f9c90a50000-7f9c90c50000 ---p 00054000 08:01 1990573                    /usr/lib/jvm/java-8-openjdk-amd64/jre/lib/amd64/libawt_xawt.so
7f9c90c50000-7f9c90c51000 r--p 00054000 08:01 1990573                    /usr/lib/jvm/java-8-openjdk-amd64/jre/lib/amd64/libawt_xawt.so
7f9c90c51000-7f9c90c54000 rw-p 00055000 08:01 1990573                    /usr/lib/jvm/java-8-openjdk-amd64/jre/lib/amd64/libawt_xawt.so
7f9c90c54000-7f9c90c55000 rw-p 00000000 00:00 0 
7f9c90c55000-7f9c90cf5000 r-xp 00000000 08:01 1990547                    /usr/lib/jvm/java-8-openjdk-amd64/jre/lib/amd64/libawt.so
7f9c90cf5000-7f9c90ef5000 ---p 000a0000 08:01 1990547                    /usr/lib/jvm/java-8-openjdk-amd64/jre/lib/amd64/libawt.so
7f9c90ef5000-7f9c90ef6000 r--p 000a0000 08:01 1990547                    /usr/lib/jvm/java-8-openjdk-amd64/jre/lib/amd64/libawt.so
7f9c90ef6000-7f9c90f01000 rw-p 000a1000 08:01 1990547                    /usr/lib/jvm/java-8-openjdk-amd64/jre/lib/amd64/libawt.so
7f9c90f01000-7f9c90f26000 rw-p 00000000 00:00 0 
7f9c90f26000-7f9c90f41000 r--s 001d7000 08:01 2097921                    /usr/lib/jvm/java-8-openjdk-amd64/jre/lib/ext/nashorn.jar
7f9c90f41000-7f9c90f5d000 r--s 00393000 08:01 2098358                    /usr/lib/jvm/java-8-openjdk-amd64/jre/lib/ext/cldrdata.jar
7f9c90f5d000-7f9c90f5e000 ---p 00000000 00:00 0 
7f9c90f5e000-7f9c9105e000 rw-p 00000000 00:00 0 
7f9c9105e000-7f9c91061000 ---p 00000000 00:00 0 
7f9c91061000-7f9c9115f000 rw-p 00000000 00:00 0 
7f9c9115f000-7f9c91162000 ---p 00000000 00:00 0 
7f9c91162000-7f9c91260000 rw-p 00000000 00:00 0 
7f9c91260000-7f9c91263000 ---p 00000000 00:00 0 
7f9c91263000-7f9c91361000 rw-p 00000000 00:00 0 
7f9c91361000-7f9c91364000 ---p 00000000 00:00 0 
7f9c91364000-7f9c91462000 rw-p 00000000 00:00 0 
7f9c91462000-7f9c91465000 ---p 00000000 00:00 0 
7f9c91465000-7f9c91563000 rw-p 00000000 00:00 0 
7f9c91563000-7f9c91f22000 r--p 00000000 08:01 662514                     /usr/lib/locale/locale-archive
7f9c91f22000-7f9c91f25000 ---p 00000000 00:00 0 
7f9c91f25000-7f9c92023000 rw-p 00000000 00:00 0 
7f9c92023000-7f9c92026000 ---p 00000000 00:00 0 
7f9c92026000-7f9c92124000 rw-p 00000000 00:00 0 
7f9c92124000-7f9c92125000 ---p 00000000 00:00 0 
7f9c92125000-7f9c931e4000 rw-p 00000000 00:00 0 
7f9c931e4000-7f9c933b2000 r--s 03beb000 08:01 1990580                    /usr/lib/jvm/java-8-openjdk-amd64/jre/lib/rt.jar
7f9c933b2000-7f9c94000000 rw-p 00000000 00:00 0 
7f9c94000000-7f9c94021000 rw-p 00000000 00:00 0 
7f9c94021000-7f9c98000000 ---p 00000000 00:00 0 
7f9c98000000-7f9c98021000 rw-p 00000000 00:00 0 
7f9c98021000-7f9c9c000000 ---p 00000000 00:00 0 
7f9c9c000000-7f9c9c021000 rw-p 00000000 00:00 0 
7f9c9c021000-7f9ca0000000 ---p 00000000 00:00 0 
7f9ca0005000-7f9ca0017000 r--s 00176000 00:29 402186                     /home/jliu/Dropbox/Eclipse on Mac/304_databse/classes12.zip
7f9ca0017000-7f9ca3db8000 rw-p 00000000 00:00 0 
7f9ca3db8000-7f9ca3db9000 ---p 00000000 00:00 0 
7f9ca3db9000-7f9ca3eb9000 rw-p 00000000 00:00 0 
7f9ca3eb9000-7f9ca3eba000 ---p 00000000 00:00 0 
7f9ca3eba000-7f9ca3fba000 rw-p 00000000 00:00 0 
7f9ca3fba000-7f9ca3fbb000 ---p 00000000 00:00 0 
7f9ca3fbb000-7f9ca40bb000 rw-p 00000000 00:00 0 
7f9ca40bb000-7f9ca40bc000 ---p 00000000 00:00 0 
7f9ca40bc000-7f9ca41e6000 rw-p 00000000 00:00 0 
7f9ca41e6000-7f9ca444c000 ---p 00000000 00:00 0 
7f9ca444c000-7f9ca4476000 rw-p 00000000 00:00 0 
7f9ca4476000-7f9ca46dc000 ---p 00000000 00:00 0 
7f9ca46dc000-7f9ca46f1000 rw-p 00000000 00:00 0 
7f9ca46f1000-7f9ca4824000 ---p 00000000 00:00 0 
7f9ca4824000-7f9ca4836000 rw-p 00000000 00:00 0 
7f9ca4836000-7f9ca4be5000 ---p 00000000 00:00 0 
7f9ca4be5000-7f9ca4ff5000 rwxp 00000000 00:00 0 
7f9ca4ff5000-7f9cb3be5000 ---p 00000000 00:00 0 
7f9cb3be5000-7f9cb3bed000 r-xp 00000000 08:01 1990557                    /usr/lib/jvm/java-8-openjdk-amd64/jre/lib/amd64/libzip.so
7f9cb3bed000-7f9cb3dec000 ---p 00008000 08:01 1990557                    /usr/lib/jvm/java-8-openjdk-amd64/jre/lib/amd64/libzip.so
7f9cb3dec000-7f9cb3ded000 r--p 00007000 08:01 1990557                    /usr/lib/jvm/java-8-openjdk-amd64/jre/lib/amd64/libzip.so
7f9cb3ded000-7f9cb3dee000 rw-p 00008000 08:01 1990557                    /usr/lib/jvm/java-8-openjdk-amd64/jre/lib/amd64/libzip.so
7f9cb3dee000-7f9cb3df9000 r-xp 00000000 08:01 4461026                    /lib/x86_64-linux-gnu/libnss_files-2.23.so
7f9cb3df9000-7f9cb3ff8000 ---p 0000b000 08:01 4461026                    /lib/x86_64-linux-gnu/libnss_files-2.23.so
7f9cb3ff8000-7f9cb3ff9000 r--p 0000a000 08:01 4461026                    /lib/x86_64-linux-gnu/libnss_files-2.23.so
7f9cb3ff9000-7f9cb3ffa000 rw-p 0000b000 08:01 4461026                    /lib/x86_64-linux-gnu/libnss_files-2.23.so
7f9cb3ffa000-7f9cb4000000 rw-p 00000000 00:00 0 
7f9cb4000000-7f9cb4348000 rw-p 00000000 00:00 0 
7f9cb4348000-7f9cb8000000 ---p 00000000 00:00 0 
7f9cb8003000-7f9cb8009000 r--s 002f8000 08:01 1990582                    /usr/lib/jvm/java-8-openjdk-amd64/jre/lib/charsets.jar
7f9cb8009000-7f9cb8014000 r-xp 00000000 08:01 4461036                    /lib/x86_64-linux-gnu/libnss_nis-2.23.so
7f9cb8014000-7f9cb8213000 ---p 0000b000 08:01 4461036                    /lib/x86_64-linux-gnu/libnss_nis-2.23.so
7f9cb8213000-7f9cb8214000 r--p 0000a000 08:01 4461036                    /lib/x86_64-linux-gnu/libnss_nis-2.23.so
7f9cb8214000-7f9cb8215000 rw-p 0000b000 08:01 4461036                    /lib/x86_64-linux-gnu/libnss_nis-2.23.so
7f9cb8215000-7f9cb822b000 r-xp 00000000 08:01 4461020                    /lib/x86_64-linux-gnu/libnsl-2.23.so
7f9cb822b000-7f9cb842a000 ---p 00016000 08:01 4461020                    /lib/x86_64-linux-gnu/libnsl-2.23.so
7f9cb842a000-7f9cb842b000 r--p 00015000 08:01 4461020                    /lib/x86_64-linux-gnu/libnsl-2.23.so
7f9cb842b000-7f9cb842c000 rw-p 00016000 08:01 4461020                    /lib/x86_64-linux-gnu/libnsl-2.23.so
7f9cb842c000-7f9cb842e000 rw-p 00000000 00:00 0 
7f9cb842e000-7f9cb8436000 r-xp 00000000 08:01 4461022                    /lib/x86_64-linux-gnu/libnss_compat-2.23.so
7f9cb8436000-7f9cb8635000 ---p 00008000 08:01 4461022                    /lib/x86_64-linux-gnu/libnss_compat-2.23.so
7f9cb8635000-7f9cb8636000 r--p 00007000 08:01 4461022                    /lib/x86_64-linux-gnu/libnss_compat-2.23.so
7f9cb8636000-7f9cb8637000 rw-p 00008000 08:01 4461022                    /lib/x86_64-linux-gnu/libnss_compat-2.23.so
7f9cb8637000-7f9cb8664000 r-xp 00000000 08:01 1990542                    /usr/lib/jvm/java-8-openjdk-amd64/jre/lib/amd64/libjava.so
7f9cb8664000-7f9cb8863000 ---p 0002d000 08:01 1990542                    /usr/lib/jvm/java-8-openjdk-amd64/jre/lib/amd64/libjava.so
7f9cb8863000-7f9cb8864000 r--p 0002c000 08:01 1990542                    /usr/lib/jvm/java-8-openjdk-amd64/jre/lib/amd64/libjava.so
7f9cb8864000-7f9cb8866000 rw-p 0002d000 08:01 1990542                    /usr/lib/jvm/java-8-openjdk-amd64/jre/lib/amd64/libjava.so
7f9cb8866000-7f9cb8875000 r-xp 00000000 08:01 1990543                    /usr/lib/jvm/java-8-openjdk-amd64/jre/lib/amd64/libverify.so
7f9cb8875000-7f9cb8a74000 ---p 0000f000 08:01 1990543                    /usr/lib/jvm/java-8-openjdk-amd64/jre/lib/amd64/libverify.so
7f9cb8a74000-7f9cb8a76000 r--p 0000e000 08:01 1990543                    /usr/lib/jvm/java-8-openjdk-amd64/jre/lib/amd64/libverify.so
7f9cb8a76000-7f9cb8a77000 rw-p 00010000 08:01 1990543                    /usr/lib/jvm/java-8-openjdk-amd64/jre/lib/amd64/libverify.so
7f9cb8a77000-7f9cb8a7e000 r-xp 00000000 08:01 4461081                    /lib/x86_64-linux-gnu/librt-2.23.so
7f9cb8a7e000-7f9cb8c7d000 ---p 00007000 08:01 4461081                    /lib/x86_64-linux-gnu/librt-2.23.so
7f9cb8c7d000-7f9cb8c7e000 r--p 00006000 08:01 4461081                    /lib/x86_64-linux-gnu/librt-2.23.so
7f9cb8c7e000-7f9cb8c7f000 rw-p 00007000 08:01 4461081                    /lib/x86_64-linux-gnu/librt-2.23.so
7f9cb8c7f000-7f9cb8c95000 r-xp 00000000 08:01 4460965                    /lib/x86_64-linux-gnu/libgcc_s.so.1
7f9cb8c95000-7f9cb8e94000 ---p 00016000 08:01 4460965                    /lib/x86_64-linux-gnu/libgcc_s.so.1
7f9cb8e94000-7f9cb8e95000 rw-p 00015000 08:01 4460965                    /lib/x86_64-linux-gnu/libgcc_s.so.1
7f9cb8e95000-7f9cb8f9d000 r-xp 00000000 08:01 4460997                    /lib/x86_64-linux-gnu/libm-2.23.so
7f9cb8f9d000-7f9cb919c000 ---p 00108000 08:01 4460997                    /lib/x86_64-linux-gnu/libm-2.23.so
7f9cb919c000-7f9cb919d000 r--p 00107000 08:01 4460997                    /lib/x86_64-linux-gnu/libm-2.23.so
7f9cb919d000-7f9cb919e000 rw-p 00108000 08:01 4460997                    /lib/x86_64-linux-gnu/libm-2.23.so
7f9cb919e000-7f9cb9310000 r-xp 00000000 08:01 657405                     /usr/lib/x86_64-linux-gnu/libstdc++.so.6.0.21
7f9cb9310000-7f9cb9510000 ---p 00172000 08:01 657405                     /usr/lib/x86_64-linux-gnu/libstdc++.so.6.0.21
7f9cb9510000-7f9cb951a000 r--p 00172000 08:01 657405                     /usr/lib/x86_64-linux-gnu/libstdc++.so.6.0.21
7f9cb951a000-7f9cb951c000 rw-p 0017c000 08:01 657405                     /usr/lib/x86_64-linux-gnu/libstdc++.so.6.0.21
7f9cb951c000-7f9cb9520000 rw-p 00000000 00:00 0 
7f9cb9520000-7f9cba166000 r-xp 00000000 08:01 1990555                    /usr/lib/jvm/java-8-openjdk-amd64/jre/lib/amd64/server/libjvm.so
7f9cba166000-7f9cba366000 ---p 00c46000 08:01 1990555                    /usr/lib/jvm/java-8-openjdk-amd64/jre/lib/amd64/server/libjvm.so
7f9cba366000-7f9cba3f9000 r--p 00c46000 08:01 1990555                    /usr/lib/jvm/java-8-openjdk-amd64/jre/lib/amd64/server/libjvm.so
7f9cba3f9000-7f9cba421000 rw-p 00cd9000 08:01 1990555                    /usr/lib/jvm/java-8-openjdk-amd64/jre/lib/amd64/server/libjvm.so
7f9cba421000-7f9cba451000 rw-p 00000000 00:00 0 
7f9cba451000-7f9cba469000 r-xp 00000000 08:01 4461073                    /lib/x86_64-linux-gnu/libpthread-2.23.so
7f9cba469000-7f9cba668000 ---p 00018000 08:01 4461073                    /lib/x86_64-linux-gnu/libpthread-2.23.so
7f9cba668000-7f9cba669000 r--p 00017000 08:01 4461073                    /lib/x86_64-linux-gnu/libpthread-2.23.so
7f9cba669000-7f9cba66a000 rw-p 00018000 08:01 4461073                    /lib/x86_64-linux-gnu/libpthread-2.23.so
7f9cba66a000-7f9cba66e000 rw-p 00000000 00:00 0 
7f9cba66e000-7f9cba671000 r-xp 00000000 08:01 4460951                    /lib/x86_64-linux-gnu/libdl-2.23.so
7f9cba671000-7f9cba870000 ---p 00003000 08:01 4460951                    /lib/x86_64-linux-gnu/libdl-2.23.so
7f9cba870000-7f9cba871000 r--p 00002000 08:01 4460951                    /lib/x86_64-linux-gnu/libdl-2.23.so
7f9cba871000-7f9cba872000 rw-p 00003000 08:01 4460951                    /lib/x86_64-linux-gnu/libdl-2.23.so
7f9cba872000-7f9cba88b000 r-xp 00000000 08:01 4461118                    /lib/x86_64-linux-gnu/libz.so.1.2.8
7f9cba88b000-7f9cbaa8a000 ---p 00019000 08:01 4461118                    /lib/x86_64-linux-gnu/libz.so.1.2.8
7f9cbaa8a000-7f9cbaa8b000 r--p 00018000 08:01 4461118                    /lib/x86_64-linux-gnu/libz.so.1.2.8
7f9cbaa8b000-7f9cbaa8c000 rw-p 00019000 08:01 4461118                    /lib/x86_64-linux-gnu/libz.so.1.2.8
7f9cbaa8c000-7f9cbac4c000 r-xp 00000000 08:01 4460927                    /lib/x86_64-linux-gnu/libc-2.23.so
7f9cbac4c000-7f9cbae4b000 ---p 001c0000 08:01 4460927                    /lib/x86_64-linux-gnu/libc-2.23.so
7f9cbae4b000-7f9cbae4f000 r--p 001bf000 08:01 4460927                    /lib/x86_64-linux-gnu/libc-2.23.so
7f9cbae4f000-7f9cbae51000 rw-p 001c3000 08:01 4460927                    /lib/x86_64-linux-gnu/libc-2.23.so
7f9cbae51000-7f9cbae55000 rw-p 00000000 00:00 0 
7f9cbae55000-7f9cbae62000 r-xp 00000000 08:01 1990571                    /usr/lib/jvm/java-8-openjdk-amd64/jre/lib/amd64/jli/libjli.so
7f9cbae62000-7f9cbb062000 ---p 0000d000 08:01 1990571                    /usr/lib/jvm/java-8-openjdk-amd64/jre/lib/amd64/jli/libjli.so
7f9cbb062000-7f9cbb063000 r--p 0000d000 08:01 1990571                    /usr/lib/jvm/java-8-openjdk-amd64/jre/lib/amd64/jli/libjli.so
7f9cbb063000-7f9cbb064000 rw-p 0000e000 08:01 1990571                    /usr/lib/jvm/java-8-openjdk-amd64/jre/lib/amd64/jli/libjli.so
7f9cbb064000-7f9cbb08a000 r-xp 00000000 08:01 4460899                    /lib/x86_64-linux-gnu/ld-2.23.so
7f9cbb08d000-7f9cbb097000 r--s 00116000 08:01 2098370                    /usr/lib/jvm/java-8-openjdk-amd64/jre/lib/ext/localedata.jar
7f9cbb097000-7f9cbb162000 rw-p 00000000 00:00 0 
7f9cbb162000-7f9cbb165000 ---p 00000000 00:00 0 
7f9cbb165000-7f9cbb268000 rw-p 00000000 00:00 0 
7f9cbb26c000-7f9cbb26f000 r--s 0000f000 08:01 2098368                    /usr/lib/jvm/java-8-openjdk-amd64/jre/lib/ext/icedtea-sound.jar
7f9cbb26f000-7f9cbb270000 r--s 00010000 08:01 2098364                    /usr/lib/jvm/java-8-openjdk-amd64/jre/lib/ext/zipfs.jar
7f9cbb270000-7f9cbb274000 r--s 00037000 08:01 2098372                    /usr/lib/jvm/java-8-openjdk-amd64/jre/lib/ext/sunpkcs11.jar
7f9cbb274000-7f9cbb275000 r--s 00008000 08:01 2098360                    /usr/lib/jvm/java-8-openjdk-amd64/jre/lib/ext/sunec.jar
7f9cbb275000-7f9cbb27a000 r--s 0003b000 08:01 2098366                    /usr/lib/jvm/java-8-openjdk-amd64/jre/lib/ext/sunjce_provider.jar
7f9cbb27a000-7f9cbb27b000 r--s 0000a000 08:01 2098362                    /usr/lib/jvm/java-8-openjdk-amd64/jre/lib/ext/jaccess.jar
7f9cbb27b000-7f9cbb27d000 r--s 00001000 08:01 2097922                    /usr/lib/jvm/java-8-openjdk-amd64/jre/lib/ext/dnsns.jar
7f9cbb27d000-7f9cbb285000 rw-s 00000000 08:01 1321681                    /tmp/hsperfdata_jliu/30555
7f9cbb285000-7f9cbb286000 rw-p 00000000 00:00 0 
7f9cbb286000-7f9cbb287000 r--p 00000000 00:00 0 
7f9cbb287000-7f9cbb289000 rw-p 00000000 00:00 0 
7f9cbb289000-7f9cbb28a000 r--p 00025000 08:01 4460899                    /lib/x86_64-linux-gnu/ld-2.23.so
7f9cbb28a000-7f9cbb28b000 rw-p 00026000 08:01 4460899                    /lib/x86_64-linux-gnu/ld-2.23.so
7f9cbb28b000-7f9cbb28c000 rw-p 00000000 00:00 0 
7fff90e94000-7fff90eb5000 rw-p 00000000 00:00 0                          [stack]
7fff90f38000-7fff90f3a000 r--p 00000000 00:00 0                          [vvar]
7fff90f3a000-7fff90f3c000 r-xp 00000000 00:00 0                          [vdso]
ffffffffff600000-ffffffffff601000 r-xp 00000000 00:00 0                  [vsyscall]

VM Arguments:
jvm_args: -Dfile.encoding=UTF-8 
java_command: DB.trial_DB
java_class_path (initial): /home/jliu/Dropbox/Eclipse on Mac/PokeHospital/bin:/home/jliu/Dropbox/Eclipse on Mac/304_databse/classes12.zip
Launcher Type: SUN_STANDARD

Environment Variables:
PATH=/home/jliu/bin:/home/jliu/.local/bin:/usr/local/sbin:/usr/local/bin:/usr/sbin:/usr/bin:/sbin:/bin:/usr/games:/usr/local/games:/snap/bin
SHELL=/bin/bash
DISPLAY=:0

Signal Handlers:
SIGSEGV: [libjvm.so+0xa5e970], sa_mask[0]=11111111011111111101111111111110, sa_flags=SA_RESTART|SA_SIGINFO
SIGBUS: [libjvm.so+0xa5e970], sa_mask[0]=11111111011111111101111111111110, sa_flags=SA_RESTART|SA_SIGINFO
SIGFPE: [libjvm.so+0x8a9ff0], sa_mask[0]=11111111011111111101111111111110, sa_flags=SA_RESTART|SA_SIGINFO
SIGPIPE: [libjvm.so+0x8a9ff0], sa_mask[0]=11111111011111111101111111111110, sa_flags=SA_RESTART|SA_SIGINFO
SIGXFSZ: [libjvm.so+0x8a9ff0], sa_mask[0]=11111111011111111101111111111110, sa_flags=SA_RESTART|SA_SIGINFO
SIGILL: [libjvm.so+0x8a9ff0], sa_mask[0]=11111111011111111101111111111110, sa_flags=SA_RESTART|SA_SIGINFO
SIGUSR1: SIG_DFL, sa_mask[0]=00000000000000000000000000000000, sa_flags=none
SIGUSR2: [libjvm.so+0x8a9ea0], sa_mask[0]=00100000000000000000000000000000, sa_flags=SA_RESTART|SA_SIGINFO
SIGHUP: [libjvm.so+0x8aa370], sa_mask[0]=11111111011111111101111111111110, sa_flags=SA_RESTART|SA_SIGINFO
SIGINT: [libjvm.so+0x8aa370], sa_mask[0]=11111111011111111101111111111110, sa_flags=SA_RESTART|SA_SIGINFO
SIGTERM: [libjvm.so+0x8aa370], sa_mask[0]=11111111011111111101111111111110, sa_flags=SA_RESTART|SA_SIGINFO
SIGQUIT: [libjvm.so+0x8aa370], sa_mask[0]=11111111011111111101111111111110, sa_flags=SA_RESTART|SA_SIGINFO


---------------  S Y S T E M  ---------------

OS:DISTRIB_ID=Ubuntu
DISTRIB_RELEASE=16.04
DISTRIB_CODENAME=xenial
DISTRIB_DESCRIPTION="Ubuntu 16.04.1 LTS"

uname:Linux 4.4.0-45-generic #66-Ubuntu SMP Wed Oct 19 14:12:37 UTC 2016 x86_64
libc:glibc 2.23 NPTL 2.23 
rlimit: STACK 8192k, CORE 0k, NPROC 31306, NOFILE 65536, AS infinity
load average:1.04 0.50 0.33

/proc/meminfo:
MemTotal:        8054960 kB
MemFree:         4038060 kB
MemAvailable:    6289560 kB
Buffers:          214364 kB
Cached:          2456960 kB
SwapCached:            0 kB
Active:          2016836 kB
Inactive:        1653364 kB
Active(anon):    1003432 kB
Inactive(anon):   304744 kB
Active(file):    1013404 kB
Inactive(file):  1348620 kB
Unevictable:         328 kB
Mlocked:             320 kB
SwapTotal:       8267260 kB
SwapFree:        8267260 kB
Dirty:                92 kB
Writeback:             0 kB
AnonPages:        963204 kB
Mapped:           294340 kB
Shmem:            308728 kB
Slab:             274972 kB
SReclaimable:     192764 kB
SUnreclaim:        82208 kB
KernelStack:        7776 kB
PageTables:        17572 kB
NFS_Unstable:          0 kB
Bounce:                0 kB
WritebackTmp:          0 kB
CommitLimit:    12294740 kB
Committed_AS:    5003996 kB
VmallocTotal:   34359738367 kB
VmallocUsed:           0 kB
VmallocChunk:          0 kB
HardwareCorrupted:     0 kB
AnonHugePages:    462848 kB
CmaTotal:              0 kB
CmaFree:               0 kB
HugePages_Total:       0
HugePages_Free:        0
HugePages_Rsvd:        0
HugePages_Surp:        0
Hugepagesize:       2048 kB
DirectMap4k:      177792 kB
DirectMap2M:     8091648 kB


CPU:total 4 (2 cores per cpu, 2 threads per core) family 6 model 42 stepping 7, cmov, cx8, fxsr, mmx, sse, sse2, sse3, ssse3, sse4.1, sse4.2, popcnt, avx, aes, clmul, ht, tsc, tscinvbit

/proc/cpuinfo:
processor	: 0
vendor_id	: GenuineIntel
cpu family	: 6
model		: 42
model name	: Intel(R) Core(TM) i5-2520M CPU @ 2.50GHz
stepping	: 7
microcode	: 0x29
cpu MHz		: 3000.000
cache size	: 3072 KB
physical id	: 0
siblings	: 4
core id		: 0
cpu cores	: 2
apicid		: 0
initial apicid	: 0
fpu		: yes
fpu_exception	: yes
cpuid level	: 13
wp		: yes
flags		: fpu vme de pse tsc msr pae mce cx8 apic sep mtrr pge mca cmov pat pse36 clflush dts acpi mmx fxsr sse sse2 ss ht tm pbe syscall nx rdtscp lm constant_tsc arch_perfmon pebs bts nopl xtopology nonstop_tsc aperfmperf eagerfpu pni pclmulqdq dtes64 monitor ds_cpl vmx smx est tm2 ssse3 cx16 xtpr pdcm pcid sse4_1 sse4_2 x2apic popcnt tsc_deadline_timer aes xsave avx lahf_lm epb tpr_shadow vnmi flexpriority ept vpid xsaveopt dtherm ida arat pln pts
bugs		:
bogomips	: 4983.75
clflush size	: 64
cache_alignment	: 64
address sizes	: 36 bits physical, 48 bits virtual
power management:

processor	: 1
vendor_id	: GenuineIntel
cpu family	: 6
model		: 42
model name	: Intel(R) Core(TM) i5-2520M CPU @ 2.50GHz
stepping	: 7
microcode	: 0x29
cpu MHz		: 2999.902
cache size	: 3072 KB
physical id	: 0
siblings	: 4
core id		: 0
cpu cores	: 2
apicid		: 1
initial apicid	: 1
fpu		: yes
fpu_exception	: yes
cpuid level	: 13
wp		: yes
flags		: fpu vme de pse tsc msr pae mce cx8 apic sep mtrr pge mca cmov pat pse36 clflush dts acpi mmx fxsr sse sse2 ss ht tm pbe syscall nx rdtscp lm constant_tsc arch_perfmon pebs bts nopl xtopology nonstop_tsc aperfmperf eagerfpu pni pclmulqdq dtes64 monitor ds_cpl vmx smx est tm2 ssse3 cx16 xtpr pdcm pcid sse4_1 sse4_2 x2apic popcnt tsc_deadline_timer aes xsave avx lahf_lm epb tpr_shadow vnmi flexpriority ept vpid xsaveopt dtherm ida arat pln pts
bugs		:
bogomips	: 4983.75
clflush size	: 64
cache_alignment	: 64
address sizes	: 36 bits physical, 48 bits virtual
power management:

processor	: 2
vendor_id	: GenuineIntel
cpu family	: 6
model		: 42
model name	: Intel(R) Core(TM) i5-2520M CPU @ 2.50GHz
stepping	: 7
microcode	: 0x29
cpu MHz		: 2999.902
cache size	: 3072 KB
physical id	: 0
siblings	: 4
core id		: 1
cpu cores	: 2
apicid		: 2
initial apicid	: 2
fpu		: yes
fpu_exception	: yes
cpuid level	: 13
wp		: yes
flags		: fpu vme de pse tsc msr pae mce cx8 apic sep mtrr pge mca cmov pat pse36 clflush dts acpi mmx fxsr sse sse2 ss ht tm pbe syscall nx rdtscp lm constant_tsc arch_perfmon pebs bts nopl xtopology nonstop_tsc aperfmperf eagerfpu pni pclmulqdq dtes64 monitor ds_cpl vmx smx est tm2 ssse3 cx16 xtpr pdcm pcid sse4_1 sse4_2 x2apic popcnt tsc_deadline_timer aes xsave avx lahf_lm epb tpr_shadow vnmi flexpriority ept vpid xsaveopt dtherm ida arat pln pts
bugs		:
bogomips	: 4983.75
clflush size	: 64
cache_alignment	: 64
address sizes	: 36 bits physical, 48 bits virtual
power management:

processor	: 3
vendor_id	: GenuineIntel
cpu family	: 6
model		: 42
model name	: Intel(R) Core(TM) i5-2520M CPU @ 2.50GHz
stepping	: 7
microcode	: 0x29
cpu MHz		: 3000.000
cache size	: 3072 KB
physical id	: 0
siblings	: 4
core id		: 1
cpu cores	: 2
apicid		: 3
initial apicid	: 3
fpu		: yes
fpu_exception	: yes
cpuid level	: 13
wp		: yes
flags		: fpu vme de pse tsc msr pae mce cx8 apic sep mtrr pge mca cmov pat pse36 clflush dts acpi mmx fxsr sse sse2 ss ht tm pbe syscall nx rdtscp lm constant_tsc arch_perfmon pebs bts nopl xtopology nonstop_tsc aperfmperf eagerfpu pni pclmulqdq dtes64 monitor ds_cpl vmx smx est tm2 ssse3 cx16 xtpr pdcm pcid sse4_1 sse4_2 x2apic popcnt tsc_deadline_timer aes xsave avx lahf_lm epb tpr_shadow vnmi flexpriority ept vpid xsaveopt dtherm ida arat pln pts
bugs		:
bogomips	: 4983.75
clflush size	: 64
cache_alignment	: 64
address sizes	: 36 bits physical, 48 bits virtual
power management:



Memory: 4k page, physical 8054960k(4041012k free), swap 8267260k(8267260k free)

vm_info: OpenJDK 64-Bit Server VM (25.91-b14) for linux-amd64 JRE (1.8.0_91-8u91-b14-3ubuntu1~16.04.1-b14), built on Jul 21 2016 04:13:34 by "buildd" with gcc 5.3.1 20160413

time: Thu Nov 10 09:37:40 2016
elapsed time: 2901 seconds (0d 0h 48m 21s)

